<?xml version="1.0" encoding="UTF-8"?>
<testng-results ignored="0" total="1" passed="1" failed="0" skipped="0">
  <reporter-output>
  </reporter-output>
  <suite started-at="2023-10-31T13:35:40 IST" name="Default suite" finished-at="2023-10-31T13:36:05 IST" duration-ms="24398">
    <groups>
    </groups>
    <test started-at="2023-10-31T13:35:40 IST" name="Default test" finished-at="2023-10-31T13:36:05 IST" duration-ms="24398">
      <class name="test.Testclass">
        <test-method is-config="true" signature="set()[pri:0, instance:test.Testclass@1bb5a082]" started-at="2023-10-31T13:35:40 IST" name="set" finished-at="2023-10-31T13:35:43 IST" duration-ms="2414" status="PASS">
          <reporter-output>
          </reporter-output>
        </test-method> <!-- set -->
        <test-method is-config="true" signature="url()[pri:0, instance:test.Testclass@1bb5a082]" started-at="2023-10-31T13:35:43 IST" name="url" finished-at="2023-10-31T13:35:47 IST" duration-ms="4042" status="PASS">
          <reporter-output>
          </reporter-output>
        </test-method> <!-- url -->
        <test-method signature="test()[pri:0, instance:test.Testclass@1bb5a082]" started-at="2023-10-31T13:35:47 IST" name="test" finished-at="2023-10-31T13:36:04 IST" duration-ms="17352" status="PASS">
          <reporter-output>
          </reporter-output>
        </test-method> <!-- test -->
        <test-method is-config="true" signature="ends()[pri:0, instance:test.Testclass@1bb5a082]" started-at="2023-10-31T13:36:04 IST" name="ends" finished-at="2023-10-31T13:36:05 IST" duration-ms="535" status="PASS">
          <reporter-output>
          </reporter-output>
        </test-method> <!-- ends -->
      </class> <!-- test.Testclass -->
    </test> <!-- Default test -->
  </suite> <!-- Default suite -->
</testng-results>
